<html>
<head>
<title>TestNG:  Test</title>
<link href="../testng.css" rel="stylesheet" type="text/css" />
<link href="../my-testng.css" rel="stylesheet" type="text/css" />

<style type="text/css">
.log { display: none;} 
.stack-trace { display: none;} 
</style>
<script type="text/javascript">
<!--
function flip(e) {
  current = e.style.display;
  if (current == 'block') {
    e.style.display = 'none';
    return 0;
  }
  else {
    e.style.display = 'block';
    return 1;
  }
}

function toggleBox(szDivId, elem, msg1, msg2)
{
  var res = -1;  if (document.getElementById) {
    res = flip(document.getElementById(szDivId));
  }
  else if (document.all) {
    // this is the way old msie versions work
    res = flip(document.all[szDivId]);
  }
  if(elem) {
    if(res == 0) elem.innerHTML = msg1; else elem.innerHTML = msg2;
  }

}

function toggleAllBoxes() {
  if (document.getElementsByTagName) {
    d = document.getElementsByTagName('div');
    for (i = 0; i < d.length; i++) {
      if (d[i].className == 'log') {
        flip(d[i]);
      }
    }
  }
}

// -->
</script>

</head>
<body>
<h2 align='center'>Test</h2><table border='1' align="center">
<tr>
<td>Tests passed/Failed/Skipped:</td><td>0/0/11</td>
</tr><tr>
<td>Started on:</td><td>Thu Aug 01 09:05:24 IST 2024</td>
</tr>
<tr><td>Total time:</td><td>0 seconds (213 ms)</td>
</tr><tr>
<td>Included groups:</td><td></td>
</tr><tr>
<td>Excluded groups:</td><td></td>
</tr>
</table><p/>
<small><i>(Hover the method name to see the test class name)</i></small><p/>
<table width='100%' border='1' class='invocation-failed'>
<tr><td colspan='4' align='center'><b>FAILED CONFIGURATIONS</b></td></tr>
<tr><td><b>Test method</b></td>
<td width="30%"><b>Exception</b></td>
<td width="10%"><b>Time (seconds)</b></td>
<td><b>Instance</b></td>
</tr>
<tr>
<td title='com.newgen.tests.BasePageTest.initializeTestBaseSetup()'><b>initializeTestBaseSetup</b><br>Test class: com.newgen.tests.BasePageTest</td>
<td><div><pre>org.testng.TestNGException: 
Parameter &apos;browserType&apos; is required by BeforeClass on method initializeTestBaseSetup but has not been marked @Optional or defined
in C:\JavaPrograms\MyExtentExample\MyExtentExample\testng2.xml
	at java.base/java.util.ArrayList.forEach(ArrayList.java:1597)
... Removed 22 stack frames</pre></div><a href='#' onClick='toggleBox("stack-trace1105322512", this, "Click to show all stack frames", "Click to hide stack frames")'>Click to show all stack frames</a>
<div class='stack-trace' id='stack-trace1105322512'><pre>org.testng.TestNGException: 
Parameter &apos;browserType&apos; is required by BeforeClass on method initializeTestBaseSetup but has not been marked @Optional or defined
in C:\JavaPrograms\MyExtentExample\MyExtentExample\testng2.xml
	at org.testng.internal.Parameters.createParams(Parameters.java:270)
	at org.testng.internal.Parameters.createParametersForMethod(Parameters.java:358)
	at org.testng.internal.Parameters.createParameters(Parameters.java:700)
	at org.testng.internal.Parameters.createConfigurationParameters(Parameters.java:168)
	at org.testng.internal.ConfigInvoker.invokeConfigurations(ConfigInvoker.java:302)
	at org.testng.internal.TestMethodWorker.invokeBeforeClassMethods(TestMethodWorker.java:176)
	at org.testng.internal.TestMethodWorker.run(TestMethodWorker.java:122)
	at java.base/java.util.ArrayList.forEach(ArrayList.java:1597)
	at org.testng.TestRunner.privateRun(TestRunner.java:794)
	at org.testng.TestRunner.run(TestRunner.java:596)
	at org.testng.SuiteRunner.runTest(SuiteRunner.java:377)
	at org.testng.SuiteRunner.runSequentially(SuiteRunner.java:371)
	at org.testng.SuiteRunner.privateRun(SuiteRunner.java:332)
	at org.testng.SuiteRunner.run(SuiteRunner.java:276)
	at org.testng.SuiteRunnerWorker.runSuite(SuiteRunnerWorker.java:53)
	at org.testng.SuiteRunnerWorker.run(SuiteRunnerWorker.java:96)
	at org.testng.TestNG.runSuitesSequentially(TestNG.java:1212)
	at org.testng.TestNG.runSuitesLocally(TestNG.java:1134)
	at org.testng.TestNG.runSuites(TestNG.java:1063)
	at org.testng.TestNG.run(TestNG.java:1031)
	at org.testng.remote.AbstractRemoteTestNG.run(AbstractRemoteTestNG.java:115)
	at org.testng.remote.RemoteTestNG.initAndRun(RemoteTestNG.java:293)
	at org.testng.remote.RemoteTestNG.main(RemoteTestNG.java:91)
</pre></div></td>
<td>-1722483324</td>
<td>com.newgen.tests.BasePageTest@4e3958e7</td></tr>
<tr>
<td title='com.newgen.tests.SignInPageTest.initializeTestBaseSetup()'><b>initializeTestBaseSetup</b><br>Test class: com.newgen.tests.SignInPageTest</td>
<td><div><pre>org.testng.TestNGException: 
Parameter &apos;browserType&apos; is required by BeforeClass on method initializeTestBaseSetup but has not been marked @Optional or defined
in C:\JavaPrograms\MyExtentExample\MyExtentExample\testng2.xml
	at java.base/java.util.ArrayList.forEach(ArrayList.java:1597)
... Removed 22 stack frames</pre></div><a href='#' onClick='toggleBox("stack-trace900636745", this, "Click to show all stack frames", "Click to hide stack frames")'>Click to show all stack frames</a>
<div class='stack-trace' id='stack-trace900636745'><pre>org.testng.TestNGException: 
Parameter &apos;browserType&apos; is required by BeforeClass on method initializeTestBaseSetup but has not been marked @Optional or defined
in C:\JavaPrograms\MyExtentExample\MyExtentExample\testng2.xml
	at org.testng.internal.Parameters.createParams(Parameters.java:270)
	at org.testng.internal.Parameters.createParametersForMethod(Parameters.java:358)
	at org.testng.internal.Parameters.createParameters(Parameters.java:700)
	at org.testng.internal.Parameters.createConfigurationParameters(Parameters.java:168)
	at org.testng.internal.ConfigInvoker.invokeConfigurations(ConfigInvoker.java:302)
	at org.testng.internal.TestMethodWorker.invokeBeforeClassMethods(TestMethodWorker.java:176)
	at org.testng.internal.TestMethodWorker.run(TestMethodWorker.java:122)
	at java.base/java.util.ArrayList.forEach(ArrayList.java:1597)
	at org.testng.TestRunner.privateRun(TestRunner.java:794)
	at org.testng.TestRunner.run(TestRunner.java:596)
	at org.testng.SuiteRunner.runTest(SuiteRunner.java:377)
	at org.testng.SuiteRunner.runSequentially(SuiteRunner.java:371)
	at org.testng.SuiteRunner.privateRun(SuiteRunner.java:332)
	at org.testng.SuiteRunner.run(SuiteRunner.java:276)
	at org.testng.SuiteRunnerWorker.runSuite(SuiteRunnerWorker.java:53)
	at org.testng.SuiteRunnerWorker.run(SuiteRunnerWorker.java:96)
	at org.testng.TestNG.runSuitesSequentially(TestNG.java:1212)
	at org.testng.TestNG.runSuitesLocally(TestNG.java:1134)
	at org.testng.TestNG.runSuites(TestNG.java:1063)
	at org.testng.TestNG.run(TestNG.java:1031)
	at org.testng.remote.AbstractRemoteTestNG.run(AbstractRemoteTestNG.java:115)
	at org.testng.remote.RemoteTestNG.initAndRun(RemoteTestNG.java:293)
	at org.testng.remote.RemoteTestNG.main(RemoteTestNG.java:91)
</pre></div></td>
<td>-1722483325</td>
<td>com.newgen.tests.SignInPageTest@1dac5ef</td></tr>
<tr>
<td title='com.newgen.tests.CreateAccountTest.initializeTestBaseSetup()'><b>initializeTestBaseSetup</b><br>Test class: com.newgen.tests.CreateAccountTest</td>
<td><div><pre>org.testng.TestNGException: 
Parameter &apos;browserType&apos; is required by BeforeClass on method initializeTestBaseSetup but has not been marked @Optional or defined
in C:\JavaPrograms\MyExtentExample\MyExtentExample\testng2.xml
	at java.base/java.util.ArrayList.forEach(ArrayList.java:1597)
... Removed 22 stack frames</pre></div><a href='#' onClick='toggleBox("stack-trace1223850219", this, "Click to show all stack frames", "Click to hide stack frames")'>Click to show all stack frames</a>
<div class='stack-trace' id='stack-trace1223850219'><pre>org.testng.TestNGException: 
Parameter &apos;browserType&apos; is required by BeforeClass on method initializeTestBaseSetup but has not been marked @Optional or defined
in C:\JavaPrograms\MyExtentExample\MyExtentExample\testng2.xml
	at org.testng.internal.Parameters.createParams(Parameters.java:270)
	at org.testng.internal.Parameters.createParametersForMethod(Parameters.java:358)
	at org.testng.internal.Parameters.createParameters(Parameters.java:700)
	at org.testng.internal.Parameters.createConfigurationParameters(Parameters.java:168)
	at org.testng.internal.ConfigInvoker.invokeConfigurations(ConfigInvoker.java:302)
	at org.testng.internal.TestMethodWorker.invokeBeforeClassMethods(TestMethodWorker.java:176)
	at org.testng.internal.TestMethodWorker.run(TestMethodWorker.java:122)
	at java.base/java.util.ArrayList.forEach(ArrayList.java:1597)
	at org.testng.TestRunner.privateRun(TestRunner.java:794)
	at org.testng.TestRunner.run(TestRunner.java:596)
	at org.testng.SuiteRunner.runTest(SuiteRunner.java:377)
	at org.testng.SuiteRunner.runSequentially(SuiteRunner.java:371)
	at org.testng.SuiteRunner.privateRun(SuiteRunner.java:332)
	at org.testng.SuiteRunner.run(SuiteRunner.java:276)
	at org.testng.SuiteRunnerWorker.runSuite(SuiteRunnerWorker.java:53)
	at org.testng.SuiteRunnerWorker.run(SuiteRunnerWorker.java:96)
	at org.testng.TestNG.runSuitesSequentially(TestNG.java:1212)
	at org.testng.TestNG.runSuitesLocally(TestNG.java:1134)
	at org.testng.TestNG.runSuites(TestNG.java:1063)
	at org.testng.TestNG.run(TestNG.java:1031)
	at org.testng.remote.AbstractRemoteTestNG.run(AbstractRemoteTestNG.java:115)
	at org.testng.remote.RemoteTestNG.initAndRun(RemoteTestNG.java:293)
	at org.testng.remote.RemoteTestNG.main(RemoteTestNG.java:91)
</pre></div></td>
<td>-1722483325</td>
<td>com.newgen.tests.CreateAccountTest@58ea606c</td></tr>
</table><p>
<table width='100%' border='1' class='invocation-skipped'>
<tr><td colspan='4' align='center'><b>SKIPPED CONFIGURATIONS</b></td></tr>
<tr><td><b>Test method</b></td>
<td width="30%"><b>Exception</b></td>
<td width="10%"><b>Time (seconds)</b></td>
<td><b>Instance</b></td>
</tr>
<tr>
<td title='com.newgen.tests.CreateAccountTest.tearDown()'><b>tearDown</b><br>Test class: com.newgen.tests.CreateAccountTest</td>
<td></td>
<td>-1722483325</td>
<td>com.newgen.tests.CreateAccountTest@58ea606c</td></tr>
<tr>
<td title='com.newgen.tests.CreateAccountTest.setUp()'><b>setUp</b><br>Test class: com.newgen.tests.CreateAccountTest</td>
<td></td>
<td>-1722483325</td>
<td>com.newgen.tests.CreateAccountTest@58ea606c</td></tr>
<tr>
<td title='com.newgen.tests.SignInPageTest.tearDown()'><b>tearDown</b><br>Test class: com.newgen.tests.SignInPageTest</td>
<td></td>
<td>-1722483325</td>
<td>com.newgen.tests.SignInPageTest@1dac5ef</td></tr>
<tr>
<td title='com.newgen.tests.BasePageTest.tearDown()'><b>tearDown</b><br>Test class: com.newgen.tests.BasePageTest</td>
<td></td>
<td>-1722483325</td>
<td>com.newgen.tests.BasePageTest@4e3958e7</td></tr>
<tr>
<td title='com.newgen.tests.SignInPageTest.setUp()'><b>setUp</b><br>Test class: com.newgen.tests.SignInPageTest</td>
<td></td>
<td>-1722483325</td>
<td>com.newgen.tests.SignInPageTest@1dac5ef</td></tr>
<tr>
<td title='com.newgen.tests.BasePageTest.setUp()'><b>setUp</b><br>Test class: com.newgen.tests.BasePageTest</td>
<td></td>
<td>-1722483324</td>
<td>com.newgen.tests.BasePageTest@4e3958e7</td></tr>
</table><p>
<table width='100%' border='1' class='invocation-skipped'>
<tr><td colspan='4' align='center'><b>SKIPPED TESTS</b></td></tr>
<tr><td><b>Test method</b></td>
<td width="30%"><b>Exception</b></td>
<td width="10%"><b>Time (seconds)</b></td>
<td><b>Instance</b></td>
</tr>
<tr>
<td title='com.newgen.tests.BasePageTest.baseTest1()'><b>baseTest1</b><br>Test class: com.newgen.tests.BasePageTest</td>
<td><div><pre>org.testng.TestNGException: 
Parameter &apos;browserType&apos; is required by BeforeClass on method initializeTestBaseSetup but has not been marked @Optional or defined
in C:\JavaPrograms\MyExtentExample\MyExtentExample\testng2.xml
	at java.base/java.util.ArrayList.forEach(ArrayList.java:1597)
... Removed 22 stack frames</pre></div><a href='#' onClick='toggleBox("stack-trace854487022", this, "Click to show all stack frames", "Click to hide stack frames")'>Click to show all stack frames</a>
<div class='stack-trace' id='stack-trace854487022'><pre>org.testng.TestNGException: 
Parameter &apos;browserType&apos; is required by BeforeClass on method initializeTestBaseSetup but has not been marked @Optional or defined
in C:\JavaPrograms\MyExtentExample\MyExtentExample\testng2.xml
	at org.testng.internal.Parameters.createParams(Parameters.java:270)
	at org.testng.internal.Parameters.createParametersForMethod(Parameters.java:358)
	at org.testng.internal.Parameters.createParameters(Parameters.java:700)
	at org.testng.internal.Parameters.createConfigurationParameters(Parameters.java:168)
	at org.testng.internal.ConfigInvoker.invokeConfigurations(ConfigInvoker.java:302)
	at org.testng.internal.TestMethodWorker.invokeBeforeClassMethods(TestMethodWorker.java:176)
	at org.testng.internal.TestMethodWorker.run(TestMethodWorker.java:122)
	at java.base/java.util.ArrayList.forEach(ArrayList.java:1597)
	at org.testng.TestRunner.privateRun(TestRunner.java:794)
	at org.testng.TestRunner.run(TestRunner.java:596)
	at org.testng.SuiteRunner.runTest(SuiteRunner.java:377)
	at org.testng.SuiteRunner.runSequentially(SuiteRunner.java:371)
	at org.testng.SuiteRunner.privateRun(SuiteRunner.java:332)
	at org.testng.SuiteRunner.run(SuiteRunner.java:276)
	at org.testng.SuiteRunnerWorker.runSuite(SuiteRunnerWorker.java:53)
	at org.testng.SuiteRunnerWorker.run(SuiteRunnerWorker.java:96)
	at org.testng.TestNG.runSuitesSequentially(TestNG.java:1212)
	at org.testng.TestNG.runSuitesLocally(TestNG.java:1134)
	at org.testng.TestNG.runSuites(TestNG.java:1063)
	at org.testng.TestNG.run(TestNG.java:1031)
	at org.testng.remote.AbstractRemoteTestNG.run(AbstractRemoteTestNG.java:115)
	at org.testng.remote.RemoteTestNG.initAndRun(RemoteTestNG.java:293)
	at org.testng.remote.RemoteTestNG.main(RemoteTestNG.java:91)
</pre></div></td>
<td>0</td>
<td>com.newgen.tests.BasePageTest@4e3958e7</td></tr>
<tr>
<td title='com.newgen.tests.SignInPageTest.SignInPageTestTwo()'><b>SignInPageTestTwo</b><br>Test class: com.newgen.tests.SignInPageTest</td>
<td><div><pre>org.testng.TestNGException: 
Parameter &apos;browserType&apos; is required by BeforeClass on method initializeTestBaseSetup but has not been marked @Optional or defined
in C:\JavaPrograms\MyExtentExample\MyExtentExample\testng2.xml
	at java.base/java.util.ArrayList.forEach(ArrayList.java:1597)
... Removed 22 stack frames</pre></div><a href='#' onClick='toggleBox("stack-trace997055773", this, "Click to show all stack frames", "Click to hide stack frames")'>Click to show all stack frames</a>
<div class='stack-trace' id='stack-trace997055773'><pre>org.testng.TestNGException: 
Parameter &apos;browserType&apos; is required by BeforeClass on method initializeTestBaseSetup but has not been marked @Optional or defined
in C:\JavaPrograms\MyExtentExample\MyExtentExample\testng2.xml
	at org.testng.internal.Parameters.createParams(Parameters.java:270)
	at org.testng.internal.Parameters.createParametersForMethod(Parameters.java:358)
	at org.testng.internal.Parameters.createParameters(Parameters.java:700)
	at org.testng.internal.Parameters.createConfigurationParameters(Parameters.java:168)
	at org.testng.internal.ConfigInvoker.invokeConfigurations(ConfigInvoker.java:302)
	at org.testng.internal.TestMethodWorker.invokeBeforeClassMethods(TestMethodWorker.java:176)
	at org.testng.internal.TestMethodWorker.run(TestMethodWorker.java:122)
	at java.base/java.util.ArrayList.forEach(ArrayList.java:1597)
	at org.testng.TestRunner.privateRun(TestRunner.java:794)
	at org.testng.TestRunner.run(TestRunner.java:596)
	at org.testng.SuiteRunner.runTest(SuiteRunner.java:377)
	at org.testng.SuiteRunner.runSequentially(SuiteRunner.java:371)
	at org.testng.SuiteRunner.privateRun(SuiteRunner.java:332)
	at org.testng.SuiteRunner.run(SuiteRunner.java:276)
	at org.testng.SuiteRunnerWorker.runSuite(SuiteRunnerWorker.java:53)
	at org.testng.SuiteRunnerWorker.run(SuiteRunnerWorker.java:96)
	at org.testng.TestNG.runSuitesSequentially(TestNG.java:1212)
	at org.testng.TestNG.runSuitesLocally(TestNG.java:1134)
	at org.testng.TestNG.runSuites(TestNG.java:1063)
	at org.testng.TestNG.run(TestNG.java:1031)
	at org.testng.remote.AbstractRemoteTestNG.run(AbstractRemoteTestNG.java:115)
	at org.testng.remote.RemoteTestNG.initAndRun(RemoteTestNG.java:293)
	at org.testng.remote.RemoteTestNG.main(RemoteTestNG.java:91)
</pre></div></td>
<td>0</td>
<td>com.newgen.tests.SignInPageTest@1dac5ef</td></tr>
<tr>
<td title='com.newgen.tests.CreateAccountTest.createAccountExample2()'><b>createAccountExample2</b><br>Test class: com.newgen.tests.CreateAccountTest</td>
<td><div><pre>org.testng.TestNGException: 
Parameter &apos;browserType&apos; is required by BeforeClass on method initializeTestBaseSetup but has not been marked @Optional or defined
in C:\JavaPrograms\MyExtentExample\MyExtentExample\testng2.xml
	at java.base/java.util.ArrayList.forEach(ArrayList.java:1597)
... Removed 22 stack frames</pre></div><a href='#' onClick='toggleBox("stack-trace1523553211", this, "Click to show all stack frames", "Click to hide stack frames")'>Click to show all stack frames</a>
<div class='stack-trace' id='stack-trace1523553211'><pre>org.testng.TestNGException: 
Parameter &apos;browserType&apos; is required by BeforeClass on method initializeTestBaseSetup but has not been marked @Optional or defined
in C:\JavaPrograms\MyExtentExample\MyExtentExample\testng2.xml
	at org.testng.internal.Parameters.createParams(Parameters.java:270)
	at org.testng.internal.Parameters.createParametersForMethod(Parameters.java:358)
	at org.testng.internal.Parameters.createParameters(Parameters.java:700)
	at org.testng.internal.Parameters.createConfigurationParameters(Parameters.java:168)
	at org.testng.internal.ConfigInvoker.invokeConfigurations(ConfigInvoker.java:302)
	at org.testng.internal.TestMethodWorker.invokeBeforeClassMethods(TestMethodWorker.java:176)
	at org.testng.internal.TestMethodWorker.run(TestMethodWorker.java:122)
	at java.base/java.util.ArrayList.forEach(ArrayList.java:1597)
	at org.testng.TestRunner.privateRun(TestRunner.java:794)
	at org.testng.TestRunner.run(TestRunner.java:596)
	at org.testng.SuiteRunner.runTest(SuiteRunner.java:377)
	at org.testng.SuiteRunner.runSequentially(SuiteRunner.java:371)
	at org.testng.SuiteRunner.privateRun(SuiteRunner.java:332)
	at org.testng.SuiteRunner.run(SuiteRunner.java:276)
	at org.testng.SuiteRunnerWorker.runSuite(SuiteRunnerWorker.java:53)
	at org.testng.SuiteRunnerWorker.run(SuiteRunnerWorker.java:96)
	at org.testng.TestNG.runSuitesSequentially(TestNG.java:1212)
	at org.testng.TestNG.runSuitesLocally(TestNG.java:1134)
	at org.testng.TestNG.runSuites(TestNG.java:1063)
	at org.testng.TestNG.run(TestNG.java:1031)
	at org.testng.remote.AbstractRemoteTestNG.run(AbstractRemoteTestNG.java:115)
	at org.testng.remote.RemoteTestNG.initAndRun(RemoteTestNG.java:293)
	at org.testng.remote.RemoteTestNG.main(RemoteTestNG.java:91)
</pre></div></td>
<td>0</td>
<td>com.newgen.tests.CreateAccountTest@58ea606c</td></tr>
<tr>
<td title='com.newgen.tests.CreateAccountTest.verifyCreateAnAccountPage()'><b>verifyCreateAnAccountPage</b><br>Test class: com.newgen.tests.CreateAccountTest</td>
<td><div><pre>org.testng.TestNGException: 
Parameter &apos;browserType&apos; is required by BeforeClass on method initializeTestBaseSetup but has not been marked @Optional or defined
in C:\JavaPrograms\MyExtentExample\MyExtentExample\testng2.xml
	at java.base/java.util.ArrayList.forEach(ArrayList.java:1597)
... Removed 22 stack frames</pre></div><a href='#' onClick='toggleBox("stack-trace2122049087", this, "Click to show all stack frames", "Click to hide stack frames")'>Click to show all stack frames</a>
<div class='stack-trace' id='stack-trace2122049087'><pre>org.testng.TestNGException: 
Parameter &apos;browserType&apos; is required by BeforeClass on method initializeTestBaseSetup but has not been marked @Optional or defined
in C:\JavaPrograms\MyExtentExample\MyExtentExample\testng2.xml
	at org.testng.internal.Parameters.createParams(Parameters.java:270)
	at org.testng.internal.Parameters.createParametersForMethod(Parameters.java:358)
	at org.testng.internal.Parameters.createParameters(Parameters.java:700)
	at org.testng.internal.Parameters.createConfigurationParameters(Parameters.java:168)
	at org.testng.internal.ConfigInvoker.invokeConfigurations(ConfigInvoker.java:302)
	at org.testng.internal.TestMethodWorker.invokeBeforeClassMethods(TestMethodWorker.java:176)
	at org.testng.internal.TestMethodWorker.run(TestMethodWorker.java:122)
	at java.base/java.util.ArrayList.forEach(ArrayList.java:1597)
	at org.testng.TestRunner.privateRun(TestRunner.java:794)
	at org.testng.TestRunner.run(TestRunner.java:596)
	at org.testng.SuiteRunner.runTest(SuiteRunner.java:377)
	at org.testng.SuiteRunner.runSequentially(SuiteRunner.java:371)
	at org.testng.SuiteRunner.privateRun(SuiteRunner.java:332)
	at org.testng.SuiteRunner.run(SuiteRunner.java:276)
	at org.testng.SuiteRunnerWorker.runSuite(SuiteRunnerWorker.java:53)
	at org.testng.SuiteRunnerWorker.run(SuiteRunnerWorker.java:96)
	at org.testng.TestNG.runSuitesSequentially(TestNG.java:1212)
	at org.testng.TestNG.runSuitesLocally(TestNG.java:1134)
	at org.testng.TestNG.runSuites(TestNG.java:1063)
	at org.testng.TestNG.run(TestNG.java:1031)
	at org.testng.remote.AbstractRemoteTestNG.run(AbstractRemoteTestNG.java:115)
	at org.testng.remote.RemoteTestNG.initAndRun(RemoteTestNG.java:293)
	at org.testng.remote.RemoteTestNG.main(RemoteTestNG.java:91)
</pre></div></td>
<td>0</td>
<td>com.newgen.tests.CreateAccountTest@58ea606c</td></tr>
<tr>
<td title='com.newgen.tests.BasePageTest.baseTest2()'><b>baseTest2</b><br>Test class: com.newgen.tests.BasePageTest</td>
<td><div><pre>org.testng.TestNGException: 
Parameter &apos;browserType&apos; is required by BeforeClass on method initializeTestBaseSetup but has not been marked @Optional or defined
in C:\JavaPrograms\MyExtentExample\MyExtentExample\testng2.xml
	at java.base/java.util.ArrayList.forEach(ArrayList.java:1597)
... Removed 22 stack frames</pre></div><a href='#' onClick='toggleBox("stack-trace1899223686", this, "Click to show all stack frames", "Click to hide stack frames")'>Click to show all stack frames</a>
<div class='stack-trace' id='stack-trace1899223686'><pre>org.testng.TestNGException: 
Parameter &apos;browserType&apos; is required by BeforeClass on method initializeTestBaseSetup but has not been marked @Optional or defined
in C:\JavaPrograms\MyExtentExample\MyExtentExample\testng2.xml
	at org.testng.internal.Parameters.createParams(Parameters.java:270)
	at org.testng.internal.Parameters.createParametersForMethod(Parameters.java:358)
	at org.testng.internal.Parameters.createParameters(Parameters.java:700)
	at org.testng.internal.Parameters.createConfigurationParameters(Parameters.java:168)
	at org.testng.internal.ConfigInvoker.invokeConfigurations(ConfigInvoker.java:302)
	at org.testng.internal.TestMethodWorker.invokeBeforeClassMethods(TestMethodWorker.java:176)
	at org.testng.internal.TestMethodWorker.run(TestMethodWorker.java:122)
	at java.base/java.util.ArrayList.forEach(ArrayList.java:1597)
	at org.testng.TestRunner.privateRun(TestRunner.java:794)
	at org.testng.TestRunner.run(TestRunner.java:596)
	at org.testng.SuiteRunner.runTest(SuiteRunner.java:377)
	at org.testng.SuiteRunner.runSequentially(SuiteRunner.java:371)
	at org.testng.SuiteRunner.privateRun(SuiteRunner.java:332)
	at org.testng.SuiteRunner.run(SuiteRunner.java:276)
	at org.testng.SuiteRunnerWorker.runSuite(SuiteRunnerWorker.java:53)
	at org.testng.SuiteRunnerWorker.run(SuiteRunnerWorker.java:96)
	at org.testng.TestNG.runSuitesSequentially(TestNG.java:1212)
	at org.testng.TestNG.runSuitesLocally(TestNG.java:1134)
	at org.testng.TestNG.runSuites(TestNG.java:1063)
	at org.testng.TestNG.run(TestNG.java:1031)
	at org.testng.remote.AbstractRemoteTestNG.run(AbstractRemoteTestNG.java:115)
	at org.testng.remote.RemoteTestNG.initAndRun(RemoteTestNG.java:293)
	at org.testng.remote.RemoteTestNG.main(RemoteTestNG.java:91)
</pre></div></td>
<td>0</td>
<td>com.newgen.tests.BasePageTest@4e3958e7</td></tr>
<tr>
<td title='com.newgen.tests.CreateAccountTest.createAccountExample1()'><b>createAccountExample1</b><br>Test class: com.newgen.tests.CreateAccountTest</td>
<td><div><pre>org.testng.TestNGException: 
Parameter &apos;browserType&apos; is required by BeforeClass on method initializeTestBaseSetup but has not been marked @Optional or defined
in C:\JavaPrograms\MyExtentExample\MyExtentExample\testng2.xml
	at java.base/java.util.ArrayList.forEach(ArrayList.java:1597)
... Removed 22 stack frames</pre></div><a href='#' onClick='toggleBox("stack-trace27362884", this, "Click to show all stack frames", "Click to hide stack frames")'>Click to show all stack frames</a>
<div class='stack-trace' id='stack-trace27362884'><pre>org.testng.TestNGException: 
Parameter &apos;browserType&apos; is required by BeforeClass on method initializeTestBaseSetup but has not been marked @Optional or defined
in C:\JavaPrograms\MyExtentExample\MyExtentExample\testng2.xml
	at org.testng.internal.Parameters.createParams(Parameters.java:270)
	at org.testng.internal.Parameters.createParametersForMethod(Parameters.java:358)
	at org.testng.internal.Parameters.createParameters(Parameters.java:700)
	at org.testng.internal.Parameters.createConfigurationParameters(Parameters.java:168)
	at org.testng.internal.ConfigInvoker.invokeConfigurations(ConfigInvoker.java:302)
	at org.testng.internal.TestMethodWorker.invokeBeforeClassMethods(TestMethodWorker.java:176)
	at org.testng.internal.TestMethodWorker.run(TestMethodWorker.java:122)
	at java.base/java.util.ArrayList.forEach(ArrayList.java:1597)
	at org.testng.TestRunner.privateRun(TestRunner.java:794)
	at org.testng.TestRunner.run(TestRunner.java:596)
	at org.testng.SuiteRunner.runTest(SuiteRunner.java:377)
	at org.testng.SuiteRunner.runSequentially(SuiteRunner.java:371)
	at org.testng.SuiteRunner.privateRun(SuiteRunner.java:332)
	at org.testng.SuiteRunner.run(SuiteRunner.java:276)
	at org.testng.SuiteRunnerWorker.runSuite(SuiteRunnerWorker.java:53)
	at org.testng.SuiteRunnerWorker.run(SuiteRunnerWorker.java:96)
	at org.testng.TestNG.runSuitesSequentially(TestNG.java:1212)
	at org.testng.TestNG.runSuitesLocally(TestNG.java:1134)
	at org.testng.TestNG.runSuites(TestNG.java:1063)
	at org.testng.TestNG.run(TestNG.java:1031)
	at org.testng.remote.AbstractRemoteTestNG.run(AbstractRemoteTestNG.java:115)
	at org.testng.remote.RemoteTestNG.initAndRun(RemoteTestNG.java:293)
	at org.testng.remote.RemoteTestNG.main(RemoteTestNG.java:91)
</pre></div></td>
<td>0</td>
<td>com.newgen.tests.CreateAccountTest@58ea606c</td></tr>
<tr>
<td title='com.newgen.tests.BasePageTest.baseTest3()'><b>baseTest3</b><br>Test class: com.newgen.tests.BasePageTest</td>
<td><div><pre>org.testng.TestNGException: 
Parameter &apos;browserType&apos; is required by BeforeClass on method initializeTestBaseSetup but has not been marked @Optional or defined
in C:\JavaPrograms\MyExtentExample\MyExtentExample\testng2.xml
	at java.base/java.util.ArrayList.forEach(ArrayList.java:1597)
... Removed 22 stack frames</pre></div><a href='#' onClick='toggleBox("stack-trace842179210", this, "Click to show all stack frames", "Click to hide stack frames")'>Click to show all stack frames</a>
<div class='stack-trace' id='stack-trace842179210'><pre>org.testng.TestNGException: 
Parameter &apos;browserType&apos; is required by BeforeClass on method initializeTestBaseSetup but has not been marked @Optional or defined
in C:\JavaPrograms\MyExtentExample\MyExtentExample\testng2.xml
	at org.testng.internal.Parameters.createParams(Parameters.java:270)
	at org.testng.internal.Parameters.createParametersForMethod(Parameters.java:358)
	at org.testng.internal.Parameters.createParameters(Parameters.java:700)
	at org.testng.internal.Parameters.createConfigurationParameters(Parameters.java:168)
	at org.testng.internal.ConfigInvoker.invokeConfigurations(ConfigInvoker.java:302)
	at org.testng.internal.TestMethodWorker.invokeBeforeClassMethods(TestMethodWorker.java:176)
	at org.testng.internal.TestMethodWorker.run(TestMethodWorker.java:122)
	at java.base/java.util.ArrayList.forEach(ArrayList.java:1597)
	at org.testng.TestRunner.privateRun(TestRunner.java:794)
	at org.testng.TestRunner.run(TestRunner.java:596)
	at org.testng.SuiteRunner.runTest(SuiteRunner.java:377)
	at org.testng.SuiteRunner.runSequentially(SuiteRunner.java:371)
	at org.testng.SuiteRunner.privateRun(SuiteRunner.java:332)
	at org.testng.SuiteRunner.run(SuiteRunner.java:276)
	at org.testng.SuiteRunnerWorker.runSuite(SuiteRunnerWorker.java:53)
	at org.testng.SuiteRunnerWorker.run(SuiteRunnerWorker.java:96)
	at org.testng.TestNG.runSuitesSequentially(TestNG.java:1212)
	at org.testng.TestNG.runSuitesLocally(TestNG.java:1134)
	at org.testng.TestNG.runSuites(TestNG.java:1063)
	at org.testng.TestNG.run(TestNG.java:1031)
	at org.testng.remote.AbstractRemoteTestNG.run(AbstractRemoteTestNG.java:115)
	at org.testng.remote.RemoteTestNG.initAndRun(RemoteTestNG.java:293)
	at org.testng.remote.RemoteTestNG.main(RemoteTestNG.java:91)
</pre></div></td>
<td>0</td>
<td>com.newgen.tests.BasePageTest@4e3958e7</td></tr>
<tr>
<td title='com.newgen.tests.SignInPageTest.SignInPageTestOne()'><b>SignInPageTestOne</b><br>Test class: com.newgen.tests.SignInPageTest</td>
<td><div><pre>org.testng.TestNGException: 
Parameter &apos;browserType&apos; is required by BeforeClass on method initializeTestBaseSetup but has not been marked @Optional or defined
in C:\JavaPrograms\MyExtentExample\MyExtentExample\testng2.xml
	at java.base/java.util.ArrayList.forEach(ArrayList.java:1597)
... Removed 22 stack frames</pre></div><a href='#' onClick='toggleBox("stack-trace586127428", this, "Click to show all stack frames", "Click to hide stack frames")'>Click to show all stack frames</a>
<div class='stack-trace' id='stack-trace586127428'><pre>org.testng.TestNGException: 
Parameter &apos;browserType&apos; is required by BeforeClass on method initializeTestBaseSetup but has not been marked @Optional or defined
in C:\JavaPrograms\MyExtentExample\MyExtentExample\testng2.xml
	at org.testng.internal.Parameters.createParams(Parameters.java:270)
	at org.testng.internal.Parameters.createParametersForMethod(Parameters.java:358)
	at org.testng.internal.Parameters.createParameters(Parameters.java:700)
	at org.testng.internal.Parameters.createConfigurationParameters(Parameters.java:168)
	at org.testng.internal.ConfigInvoker.invokeConfigurations(ConfigInvoker.java:302)
	at org.testng.internal.TestMethodWorker.invokeBeforeClassMethods(TestMethodWorker.java:176)
	at org.testng.internal.TestMethodWorker.run(TestMethodWorker.java:122)
	at java.base/java.util.ArrayList.forEach(ArrayList.java:1597)
	at org.testng.TestRunner.privateRun(TestRunner.java:794)
	at org.testng.TestRunner.run(TestRunner.java:596)
	at org.testng.SuiteRunner.runTest(SuiteRunner.java:377)
	at org.testng.SuiteRunner.runSequentially(SuiteRunner.java:371)
	at org.testng.SuiteRunner.privateRun(SuiteRunner.java:332)
	at org.testng.SuiteRunner.run(SuiteRunner.java:276)
	at org.testng.SuiteRunnerWorker.runSuite(SuiteRunnerWorker.java:53)
	at org.testng.SuiteRunnerWorker.run(SuiteRunnerWorker.java:96)
	at org.testng.TestNG.runSuitesSequentially(TestNG.java:1212)
	at org.testng.TestNG.runSuitesLocally(TestNG.java:1134)
	at org.testng.TestNG.runSuites(TestNG.java:1063)
	at org.testng.TestNG.run(TestNG.java:1031)
	at org.testng.remote.AbstractRemoteTestNG.run(AbstractRemoteTestNG.java:115)
	at org.testng.remote.RemoteTestNG.initAndRun(RemoteTestNG.java:293)
	at org.testng.remote.RemoteTestNG.main(RemoteTestNG.java:91)
</pre></div></td>
<td>0</td>
<td>com.newgen.tests.SignInPageTest@1dac5ef</td></tr>
<tr>
<td title='com.newgen.tests.SignInPageTest.SignInPageTestThree()'><b>SignInPageTestThree</b><br>Test class: com.newgen.tests.SignInPageTest</td>
<td><div><pre>org.testng.TestNGException: 
Parameter &apos;browserType&apos; is required by BeforeClass on method initializeTestBaseSetup but has not been marked @Optional or defined
in C:\JavaPrograms\MyExtentExample\MyExtentExample\testng2.xml
	at java.base/java.util.ArrayList.forEach(ArrayList.java:1597)
... Removed 22 stack frames</pre></div><a href='#' onClick='toggleBox("stack-trace1652807864", this, "Click to show all stack frames", "Click to hide stack frames")'>Click to show all stack frames</a>
<div class='stack-trace' id='stack-trace1652807864'><pre>org.testng.TestNGException: 
Parameter &apos;browserType&apos; is required by BeforeClass on method initializeTestBaseSetup but has not been marked @Optional or defined
in C:\JavaPrograms\MyExtentExample\MyExtentExample\testng2.xml
	at org.testng.internal.Parameters.createParams(Parameters.java:270)
	at org.testng.internal.Parameters.createParametersForMethod(Parameters.java:358)
	at org.testng.internal.Parameters.createParameters(Parameters.java:700)
	at org.testng.internal.Parameters.createConfigurationParameters(Parameters.java:168)
	at org.testng.internal.ConfigInvoker.invokeConfigurations(ConfigInvoker.java:302)
	at org.testng.internal.TestMethodWorker.invokeBeforeClassMethods(TestMethodWorker.java:176)
	at org.testng.internal.TestMethodWorker.run(TestMethodWorker.java:122)
	at java.base/java.util.ArrayList.forEach(ArrayList.java:1597)
	at org.testng.TestRunner.privateRun(TestRunner.java:794)
	at org.testng.TestRunner.run(TestRunner.java:596)
	at org.testng.SuiteRunner.runTest(SuiteRunner.java:377)
	at org.testng.SuiteRunner.runSequentially(SuiteRunner.java:371)
	at org.testng.SuiteRunner.privateRun(SuiteRunner.java:332)
	at org.testng.SuiteRunner.run(SuiteRunner.java:276)
	at org.testng.SuiteRunnerWorker.runSuite(SuiteRunnerWorker.java:53)
	at org.testng.SuiteRunnerWorker.run(SuiteRunnerWorker.java:96)
	at org.testng.TestNG.runSuitesSequentially(TestNG.java:1212)
	at org.testng.TestNG.runSuitesLocally(TestNG.java:1134)
	at org.testng.TestNG.runSuites(TestNG.java:1063)
	at org.testng.TestNG.run(TestNG.java:1031)
	at org.testng.remote.AbstractRemoteTestNG.run(AbstractRemoteTestNG.java:115)
	at org.testng.remote.RemoteTestNG.initAndRun(RemoteTestNG.java:293)
	at org.testng.remote.RemoteTestNG.main(RemoteTestNG.java:91)
</pre></div></td>
<td>0</td>
<td>com.newgen.tests.SignInPageTest@1dac5ef</td></tr>
<tr>
<td title='com.newgen.tests.SignInPageTest.verifySignInFunction()'><b>verifySignInFunction</b><br>Test class: com.newgen.tests.SignInPageTest</td>
<td><div><pre>org.testng.TestNGException: 
Parameter &apos;browserType&apos; is required by BeforeClass on method initializeTestBaseSetup but has not been marked @Optional or defined
in C:\JavaPrograms\MyExtentExample\MyExtentExample\testng2.xml
	at java.base/java.util.ArrayList.forEach(ArrayList.java:1597)
... Removed 22 stack frames</pre></div><a href='#' onClick='toggleBox("stack-trace1063980005", this, "Click to show all stack frames", "Click to hide stack frames")'>Click to show all stack frames</a>
<div class='stack-trace' id='stack-trace1063980005'><pre>org.testng.TestNGException: 
Parameter &apos;browserType&apos; is required by BeforeClass on method initializeTestBaseSetup but has not been marked @Optional or defined
in C:\JavaPrograms\MyExtentExample\MyExtentExample\testng2.xml
	at org.testng.internal.Parameters.createParams(Parameters.java:270)
	at org.testng.internal.Parameters.createParametersForMethod(Parameters.java:358)
	at org.testng.internal.Parameters.createParameters(Parameters.java:700)
	at org.testng.internal.Parameters.createConfigurationParameters(Parameters.java:168)
	at org.testng.internal.ConfigInvoker.invokeConfigurations(ConfigInvoker.java:302)
	at org.testng.internal.TestMethodWorker.invokeBeforeClassMethods(TestMethodWorker.java:176)
	at org.testng.internal.TestMethodWorker.run(TestMethodWorker.java:122)
	at java.base/java.util.ArrayList.forEach(ArrayList.java:1597)
	at org.testng.TestRunner.privateRun(TestRunner.java:794)
	at org.testng.TestRunner.run(TestRunner.java:596)
	at org.testng.SuiteRunner.runTest(SuiteRunner.java:377)
	at org.testng.SuiteRunner.runSequentially(SuiteRunner.java:371)
	at org.testng.SuiteRunner.privateRun(SuiteRunner.java:332)
	at org.testng.SuiteRunner.run(SuiteRunner.java:276)
	at org.testng.SuiteRunnerWorker.runSuite(SuiteRunnerWorker.java:53)
	at org.testng.SuiteRunnerWorker.run(SuiteRunnerWorker.java:96)
	at org.testng.TestNG.runSuitesSequentially(TestNG.java:1212)
	at org.testng.TestNG.runSuitesLocally(TestNG.java:1134)
	at org.testng.TestNG.runSuites(TestNG.java:1063)
	at org.testng.TestNG.run(TestNG.java:1031)
	at org.testng.remote.AbstractRemoteTestNG.run(AbstractRemoteTestNG.java:115)
	at org.testng.remote.RemoteTestNG.initAndRun(RemoteTestNG.java:293)
	at org.testng.remote.RemoteTestNG.main(RemoteTestNG.java:91)
</pre></div></td>
<td>0</td>
<td>com.newgen.tests.SignInPageTest@1dac5ef</td></tr>
<tr>
<td title='com.newgen.tests.BasePageTest.verifyHomePage()'><b>verifyHomePage</b><br>Test class: com.newgen.tests.BasePageTest</td>
<td><div><pre>org.testng.TestNGException: 
Parameter &apos;browserType&apos; is required by BeforeClass on method initializeTestBaseSetup but has not been marked @Optional or defined
in C:\JavaPrograms\MyExtentExample\MyExtentExample\testng2.xml
	at java.base/java.util.ArrayList.forEach(ArrayList.java:1597)
... Removed 22 stack frames</pre></div><a href='#' onClick='toggleBox("stack-trace1944201789", this, "Click to show all stack frames", "Click to hide stack frames")'>Click to show all stack frames</a>
<div class='stack-trace' id='stack-trace1944201789'><pre>org.testng.TestNGException: 
Parameter &apos;browserType&apos; is required by BeforeClass on method initializeTestBaseSetup but has not been marked @Optional or defined
in C:\JavaPrograms\MyExtentExample\MyExtentExample\testng2.xml
	at org.testng.internal.Parameters.createParams(Parameters.java:270)
	at org.testng.internal.Parameters.createParametersForMethod(Parameters.java:358)
	at org.testng.internal.Parameters.createParameters(Parameters.java:700)
	at org.testng.internal.Parameters.createConfigurationParameters(Parameters.java:168)
	at org.testng.internal.ConfigInvoker.invokeConfigurations(ConfigInvoker.java:302)
	at org.testng.internal.TestMethodWorker.invokeBeforeClassMethods(TestMethodWorker.java:176)
	at org.testng.internal.TestMethodWorker.run(TestMethodWorker.java:122)
	at java.base/java.util.ArrayList.forEach(ArrayList.java:1597)
	at org.testng.TestRunner.privateRun(TestRunner.java:794)
	at org.testng.TestRunner.run(TestRunner.java:596)
	at org.testng.SuiteRunner.runTest(SuiteRunner.java:377)
	at org.testng.SuiteRunner.runSequentially(SuiteRunner.java:371)
	at org.testng.SuiteRunner.privateRun(SuiteRunner.java:332)
	at org.testng.SuiteRunner.run(SuiteRunner.java:276)
	at org.testng.SuiteRunnerWorker.runSuite(SuiteRunnerWorker.java:53)
	at org.testng.SuiteRunnerWorker.run(SuiteRunnerWorker.java:96)
	at org.testng.TestNG.runSuitesSequentially(TestNG.java:1212)
	at org.testng.TestNG.runSuitesLocally(TestNG.java:1134)
	at org.testng.TestNG.runSuites(TestNG.java:1063)
	at org.testng.TestNG.run(TestNG.java:1031)
	at org.testng.remote.AbstractRemoteTestNG.run(AbstractRemoteTestNG.java:115)
	at org.testng.remote.RemoteTestNG.initAndRun(RemoteTestNG.java:293)
	at org.testng.remote.RemoteTestNG.main(RemoteTestNG.java:91)
</pre></div></td>
<td>0</td>
<td>com.newgen.tests.BasePageTest@4e3958e7</td></tr>
</table><p>
</body>
</html>