<?xml version="1.0" encoding="UTF-8"?>
<!-- Generated by org.testng.reporters.JUnitXMLReporter -->
<testsuite ignored="0" hostname="DESKTOP-NT7F19V" failures="0" tests="11" name="Test" time="0.213" errors="0" timestamp="2024-08-01T09:05:25 IST">
  <testcase classname="com.newgen.base.TestBase" name="@BeforeClass initializeTestBaseSetup" time="-1.722483324963E9">
    <failure type="org.testng.TestNGException" message="
Parameter &amp;apos;browserType&amp;apos; is required by BeforeClass on method initializeTestBaseSetup but has not been marked @Optional or defined
in C:\JavaPrograms\MyExtentExample\MyExtentExample\testng2.xml">
      <![CDATA[org.testng.TestNGException: 
Parameter 'browserType' is required by BeforeClass on method initializeTestBaseSetup but has not been marked @Optional or defined
in C:\JavaPrograms\MyExtentExample\MyExtentExample\testng2.xml
at java.base/java.util.ArrayList.forEach(ArrayList.java:1597)
... Removed 22 stack frames]]>
    </failure>
  </testcase> <!-- @BeforeClass initializeTestBaseSetup -->
  <testcase classname="com.newgen.tests.BasePageTest" name="@BeforeClass setUp" time="-1.722483324983E9">
    <skipped/>
  </testcase> <!-- @BeforeClass setUp -->
  <testcase classname="com.newgen.base.TestBase" name="@AfterClass tearDown" time="-1.722483325059E9">
    <skipped/>
  </testcase> <!-- @AfterClass tearDown -->
  <testcase classname="com.newgen.base.TestBase" name="@BeforeClass initializeTestBaseSetup" time="-1.72248332507E9">
    <failure type="org.testng.TestNGException" message="
Parameter &amp;apos;browserType&amp;apos; is required by BeforeClass on method initializeTestBaseSetup but has not been marked @Optional or defined
in C:\JavaPrograms\MyExtentExample\MyExtentExample\testng2.xml">
      <![CDATA[org.testng.TestNGException: 
Parameter 'browserType' is required by BeforeClass on method initializeTestBaseSetup but has not been marked @Optional or defined
in C:\JavaPrograms\MyExtentExample\MyExtentExample\testng2.xml
at java.base/java.util.ArrayList.forEach(ArrayList.java:1597)
... Removed 22 stack frames]]>
    </failure>
  </testcase> <!-- @BeforeClass initializeTestBaseSetup -->
  <testcase classname="com.newgen.tests.SignInPageTest" name="@BeforeClass setUp" time="-1.722483325072E9">
    <skipped/>
  </testcase> <!-- @BeforeClass setUp -->
  <testcase classname="com.newgen.base.TestBase" name="@AfterClass tearDown" time="-1.722483325101E9">
    <skipped/>
  </testcase> <!-- @AfterClass tearDown -->
  <testcase classname="com.newgen.base.TestBase" name="@BeforeClass initializeTestBaseSetup" time="-1.722483325105E9">
    <failure type="org.testng.TestNGException" message="
Parameter &amp;apos;browserType&amp;apos; is required by BeforeClass on method initializeTestBaseSetup but has not been marked @Optional or defined
in C:\JavaPrograms\MyExtentExample\MyExtentExample\testng2.xml">
      <![CDATA[org.testng.TestNGException: 
Parameter 'browserType' is required by BeforeClass on method initializeTestBaseSetup but has not been marked @Optional or defined
in C:\JavaPrograms\MyExtentExample\MyExtentExample\testng2.xml
at java.base/java.util.ArrayList.forEach(ArrayList.java:1597)
... Removed 22 stack frames]]>
    </failure>
  </testcase> <!-- @BeforeClass initializeTestBaseSetup -->
  <testcase classname="com.newgen.tests.CreateAccountTest" name="@BeforeClass setUp" time="-1.722483325114E9">
    <skipped/>
  </testcase> <!-- @BeforeClass setUp -->
  <testcase classname="com.newgen.base.TestBase" name="@AfterClass tearDown" time="-1.722483325135E9">
    <skipped/>
  </testcase> <!-- @AfterClass tearDown -->
  <testcase classname="com.newgen.tests.BasePageTest" name="baseTest1" time="0.0">
    <skipped/>
  </testcase> <!-- baseTest1 -->
  <testcase classname="com.newgen.tests.BasePageTest" name="baseTest2" time="0.0">
    <skipped/>
  </testcase> <!-- baseTest2 -->
  <testcase classname="com.newgen.tests.BasePageTest" name="baseTest3" time="0.0">
    <skipped/>
  </testcase> <!-- baseTest3 -->
  <testcase classname="com.newgen.tests.BasePageTest" name="verifyHomePage" time="0.0">
    <skipped/>
  </testcase> <!-- verifyHomePage -->
  <testcase classname="com.newgen.tests.SignInPageTest" name="SignInPageTestOne" time="0.0">
    <skipped/>
  </testcase> <!-- SignInPageTestOne -->
  <testcase classname="com.newgen.tests.SignInPageTest" name="SignInPageTestThree" time="0.0">
    <skipped/>
  </testcase> <!-- SignInPageTestThree -->
  <testcase classname="com.newgen.tests.SignInPageTest" name="SignInPageTestTwo" time="0.0">
    <skipped/>
  </testcase> <!-- SignInPageTestTwo -->
  <testcase classname="com.newgen.tests.SignInPageTest" name="verifySignInFunction" time="0.0">
    <skipped/>
  </testcase> <!-- verifySignInFunction -->
  <testcase classname="com.newgen.tests.CreateAccountTest" name="createAccountExample1" time="0.0">
    <skipped/>
  </testcase> <!-- createAccountExample1 -->
  <testcase classname="com.newgen.tests.CreateAccountTest" name="createAccountExample2" time="0.0">
    <skipped/>
  </testcase> <!-- createAccountExample2 -->
  <testcase classname="com.newgen.tests.CreateAccountTest" name="verifyCreateAnAccountPage" time="0.0">
    <skipped/>
  </testcase> <!-- verifyCreateAnAccountPage -->
</testsuite> <!-- Test -->
